+ mkdir -p /tmp/hah
+ set +x
++ apt-get -y install nginx php5 php5-fpm php-apc unzip
E: Impossible d'obtenir le verrou /var/lib/dpkg/lock - open (11: Ressource temporairement non disponible)
E: Impossible de verrouiller le répertoire d'administration (/var/lib/dpkg/). Il est possible qu'un autre processus l'utilise.
++ set +x
« /home/xavier/dev/hostathome/stock/nginx-php.conf » -> « /etc/nginx/conf.d/php »
++ groupadd www-data
groupadd : le groupe « www-data » existe déjà
++ set +x
++ usermod -a -G www-data www-data
++ set +x
++ apt-get -y install openssl ssl-cert
E: Impossible d'obtenir le verrou /var/lib/dpkg/lock - open (11: Ressource temporairement non disponible)
E: Impossible de verrouiller le répertoire d'administration (/var/lib/dpkg/). Il est possible qu'un autre processus l'utilise.
++ set +x
Generating a 2048 bit RSA private key
.............................................................................................................................................................................................+++
...............+++
writing new private key to '/etc/ssl/private/localhost.pem'
-----
No value provided for Subject Attribute C, skipped
No value provided for Subject Attribute ST, skipped
No value provided for Subject Attribute L, skipped
No value provided for Subject Attribute O, skipped
No value provided for Subject Attribute CN, skipped
No value provided for Subject Attribute emailAddress, skipped
/home/xavier/dev/hostathome/hah-engine.sh: ligne 67: ufw : commande introuvable
/home/xavier/dev/hostathome/hah-engine.sh: ligne 67: ufw : commande introuvable
Téléchargeons le dernier mycryptochat
--2015-03-05 09:34:30--  https://github.com/HowTommy/mycryptochat/archive/master.zip
Résolution de github.com (github.com)… 192.30.252.131
Connexion à github.com (github.com)|192.30.252.131|:443… connecté.
requête HTTP transmise, en attente de la réponse… 302 Found
Emplacement : https://codeload.github.com/HowTommy/mycryptochat/zip/master [suivant]
--2015-03-05 09:34:31--  https://codeload.github.com/HowTommy/mycryptochat/zip/master
Résolution de codeload.github.com (codeload.github.com)… 192.30.252.146
Connexion à codeload.github.com (codeload.github.com)|192.30.252.146|:443… connecté.
requête HTTP transmise, en attente de la réponse… 200 OK
Taille : 233512 (228K) [application/zip]
Sauvegarde en : « /tmp/hah/mycryptochat.zip »

     0K .......... .......... .......... .......... .......... 21% 91,8K 2s
    50K .......... .......... .......... .......... .......... 43%  208K 1s
   100K .......... .......... .......... .......... .......... 65%  227K 1s
   150K .......... .......... .......... .......... .......... 87%  103K 0s
   200K .......... .......... ........                        100% 7,33M=1,5s

2015-03-05 09:34:33 (152 KB/s) — « /tmp/hah/mycryptochat.zip » sauvegardé [233512/233512]

Archive:  /tmp/hah/mycryptochat.zip
13ae781f6ce404aeadf305ec329685fa9be4d80b
   creating: /tmp/hah/mycryptochat/mycryptochat-master/
  inflating: /tmp/hah/mycryptochat/mycryptochat-master/LICENSE  
  inflating: /tmp/hah/mycryptochat/mycryptochat-master/README.md  
  inflating: /tmp/hah/mycryptochat/mycryptochat-master/about.php  
  inflating: /tmp/hah/mycryptochat/mycryptochat-master/chatroom.php  
   creating: /tmp/hah/mycryptochat/mycryptochat-master/db/
  inflating: /tmp/hah/mycryptochat/mycryptochat-master/db/chatrooms.sqlite  
 extracting: /tmp/hah/mycryptochat/mycryptochat-master/db/logs.txt  
  inflating: /tmp/hah/mycryptochat/mycryptochat-master/favicon.ico  
  inflating: /tmp/hah/mycryptochat/mycryptochat-master/getMessages.php  
   creating: /tmp/hah/mycryptochat/mycryptochat-master/images/
 extracting: /tmp/hah/mycryptochat/mycryptochat-master/images/accent.png  
   creating: /tmp/hah/mycryptochat/mycryptochat-master/inc/
  inflating: /tmp/hah/mycryptochat/mycryptochat-master/inc/classes.php  
  inflating: /tmp/hah/mycryptochat/mycryptochat-master/inc/constants.php  
  inflating: /tmp/hah/mycryptochat/mycryptochat-master/inc/dbmanager.php  
  inflating: /tmp/hah/mycryptochat/mycryptochat-master/inc/functions.php  
 extracting: /tmp/hah/mycryptochat/mycryptochat-master/inc/init.php  
  inflating: /tmp/hah/mycryptochat/mycryptochat-master/index.php  
  inflating: /tmp/hah/mycryptochat/mycryptochat-master/newroom.php  
  inflating: /tmp/hah/mycryptochat/mycryptochat-master/removeChatroom.php  
   creating: /tmp/hah/mycryptochat/mycryptochat-master/scripts/
  inflating: /tmp/hah/mycryptochat/mycryptochat-master/scripts/jquery.js  
   creating: /tmp/hah/mycryptochat/mycryptochat-master/scripts/jquery/
  inflating: /tmp/hah/mycryptochat/mycryptochat-master/scripts/jquery/jquery-1.8.2.js  
  inflating: /tmp/hah/mycryptochat/mycryptochat-master/scripts/modernizr.js  
   creating: /tmp/hah/mycryptochat/mycryptochat-master/scripts/modernizr/
  inflating: /tmp/hah/mycryptochat/mycryptochat-master/scripts/modernizr/modernizr-2.6.2.js  
  inflating: /tmp/hah/mycryptochat/mycryptochat-master/scripts/myCryptoChat.js  
   creating: /tmp/hah/mycryptochat/mycryptochat-master/scripts/myCryptoChat/
  inflating: /tmp/hah/mycryptochat/mycryptochat-master/scripts/myCryptoChat/myCryptoChat.js  
  inflating: /tmp/hah/mycryptochat/mycryptochat-master/scripts/zerobin.js  
   creating: /tmp/hah/mycryptochat/mycryptochat-master/scripts/zerobin/
  inflating: /tmp/hah/mycryptochat/mycryptochat-master/scripts/zerobin/base64.js  
  inflating: /tmp/hah/mycryptochat/mycryptochat-master/scripts/zerobin/rawdeflate.js  
  inflating: /tmp/hah/mycryptochat/mycryptochat-master/scripts/zerobin/rawinflate.js  
  inflating: /tmp/hah/mycryptochat/mycryptochat-master/scripts/zerobin/sjcl.js  
  inflating: /tmp/hah/mycryptochat/mycryptochat-master/scripts/zerobin/vizhash.js  
  inflating: /tmp/hah/mycryptochat/mycryptochat-master/scripts/zerobin/zerobin.js  
  inflating: /tmp/hah/mycryptochat/mycryptochat-master/sendMessage.php  
  inflating: /tmp/hah/mycryptochat/mycryptochat-master/stats.php  
   creating: /tmp/hah/mycryptochat/mycryptochat-master/styles/
  inflating: /tmp/hah/mycryptochat/mycryptochat-master/styles/myCryptoChat.css  
   creating: /tmp/hah/mycryptochat/mycryptochat-master/styles/myCryptoChat/
  inflating: /tmp/hah/mycryptochat/mycryptochat-master/styles/myCryptoChat/myCryptoChat.css  
tee: ~/hah-2015-03-05-09-34.report: Aucun fichier ou dossier de ce type
---
Mycryptochat installé
Ouvrez dans un navigateur https://localhost

* Site : https://github.com/HowTommy/mycryptochat
+ rm -rf /tmp/hah
+ set +x
tee: ~/hah-2015-03-05-09-34.report: Aucun fichier ou dossier de ce type
---
*AVERTISSEMENT*
Vous venez d'installer un ou des services : super!
Il est cependant *vivement recommandé* de vous documenter un minimum sur ce(s) service(s) afin de pouvoir résoudre des problèmes futurs, le(s) mettre à jour, et assurer la sécurité de votre serveur.
Amusez vous bien!
Messages enregistrés dans ~/hah-2015-03-05-09-34.report
Au revoir o/
