+ mkdir -p /tmp/hah
+ set +x
++ apt-get -y install nginx php5 php5-fpm php-apc unzip
E: Impossible d'obtenir le verrou /var/lib/dpkg/lock - open (11: Ressource temporairement non disponible)
E: Impossible de verrouiller le répertoire d'administration (/var/lib/dpkg/). Il est possible qu'un autre processus l'utilise.
++ set +x
« /home/xavier/dev/hostathome/stock/nginx-php.conf » -> « /etc/nginx/conf.d/php »
++ groupadd www-data
groupadd : le groupe « www-data » existe déjà
++ set +x
++ usermod -a -G www-data www-data
++ set +x
++ apt-get -y install openssl ssl-cert
E: Impossible d'obtenir le verrou /var/lib/dpkg/lock - open (11: Ressource temporairement non disponible)
E: Impossible de verrouiller le répertoire d'administration (/var/lib/dpkg/). Il est possible qu'un autre processus l'utilise.
++ set +x
Generating a 2048 bit RSA private key
.+++
.....................................+++
writing new private key to '/etc/ssl/private/localhost.pem'
-----
No value provided for Subject Attribute C, skipped
No value provided for Subject Attribute ST, skipped
No value provided for Subject Attribute L, skipped
No value provided for Subject Attribute O, skipped
No value provided for Subject Attribute CN, skipped
No value provided for Subject Attribute emailAddress, skipped
/home/xavier/dev/hostathome/hah-engine.sh: ligne 67: ufw : commande introuvable
/home/xavier/dev/hostathome/hah-engine.sh: ligne 67: ufw : commande introuvable
Téléchargeons le dernier mycryptochat
--2015-03-05 09:19:01--  https://github.com/HowTommy/mycryptochat/archive/master.zip
Résolution de github.com (github.com)… 192.30.252.131
Connexion à github.com (github.com)|192.30.252.131|:443… 